<html>
<head>
<title>TestNG:  Default test</title>
<link href="../testng.css" rel="stylesheet" type="text/css" />
<link href="../my-testng.css" rel="stylesheet" type="text/css" />

<style type="text/css">
.log { display: none;} 
.stack-trace { display: none;} 
</style>
<script type="text/javascript">
<!--
function flip(e) {
  current = e.style.display;
  if (current == 'block') {
    e.style.display = 'none';
    return 0;
  }
  else {
    e.style.display = 'block';
    return 1;
  }
}

function toggleBox(szDivId, elem, msg1, msg2)
{
  var res = -1;  if (document.getElementById) {
    res = flip(document.getElementById(szDivId));
  }
  else if (document.all) {
    // this is the way old msie versions work
    res = flip(document.all[szDivId]);
  }
  if(elem) {
    if(res == 0) elem.innerHTML = msg1; else elem.innerHTML = msg2;
  }

}

function toggleAllBoxes() {
  if (document.getElementsByTagName) {
    d = document.getElementsByTagName('div');
    for (i = 0; i < d.length; i++) {
      if (d[i].className == 'log') {
        flip(d[i]);
      }
    }
  }
}

// -->
</script>

</head>
<body>
<h2 align='center'>Default test</h2><table border='1' align="center">
<tr>
<td>Tests passed/Failed/Skipped:</td><td>5/1/0</td>
</tr><tr>
<td>Started on:</td><td>Tue Jan 03 12:01:26 EET 2023</td>
</tr>
<tr><td>Total time:</td><td>33 seconds (33841 ms)</td>
</tr><tr>
<td>Included groups:</td><td></td>
</tr><tr>
<td>Excluded groups:</td><td></td>
</tr>
</table><p/>
<small><i>(Hover the method name to see the test class name)</i></small><p/>
<table width='100%' border='1' class='invocation-failed'>
<tr><td colspan='4' align='center'><b>FAILED TESTS</b></td></tr>
<tr><td><b>Test method</b></td>
<td><b>Attribute(s)</b></td>
<td width="30%"><b>Exception</b></td>
<td width="10%"><b>Time (seconds)</b></td>
<td><b>Instance</b></td>
</tr>
<tr>
<td title='Cucumber_TestRunner.parallelRun.runScenario()'><b>runScenario</b><br>Test class: Cucumber_TestRunner.parallelRun<br>Test method: Runs Cucumber Scenarios<br>Parameters: "Checking login using stored Cookies", "Testing the Login functionality using cookies"</td>
<td><div><pre>org.openqa.selenium.TimeoutException: Expected condition failed: waiting for presence of any elements located by By.xpath: (//div[@class=&apos;oxd-grid-item oxd-grid-item--gutters orangehrm-dashboard-widget&apos;]) (tried for 20 second(s) with 500 milliseconds interval)
Build info: version: &apos;3.141.59&apos;, revision: &apos;e82be7d358&apos;, time: &apos;2018-11-14T08:17:03&apos;
System info: host: &apos;LPCAIQ1132&apos;, ip: &apos;192.168.0.72&apos;, os.name: &apos;Windows 10&apos;, os.arch: &apos;amd64&apos;, os.version: &apos;10.0&apos;, java.version: &apos;14.0.2&apos;
Driver info: org.openqa.selenium.chrome.ChromeDriver
Capabilities {acceptInsecureCerts: false, browserName: chrome, browserVersion: 108.0.5359.125, chrome: {chromedriverVersion: 108.0.5359.71 (1e0e3868ee06..., userDataDir: C:\Users\MABDEL~1\AppData\L...}, goog:chromeOptions: {debuggerAddress: localhost:58143}, javascriptEnabled: true, networkConnectionEnabled: false, pageLoadStrategy: normal, platform: WINDOWS, platformName: WINDOWS, proxy: Proxy(), setWindowRect: true, strictFileInteractability: false, timeouts: {implicit: 0, pageLoad: 300000, script: 30000}, unhandledPromptBehavior: dismiss and notify, webauthn:extension:credBlob: true, webauthn:extension:largeBlob: true, webauthn:virtualAuthenticators: true}
Session ID: 3a382725e24b9a385c902776d8c80b04
	at org.openqa.selenium.support.ui.WebDriverWait.timeoutException(WebDriverWait.java:95)
	at org.openqa.selenium.support.ui.FluentWait.until(FluentWait.java:272)
	at OrangehrmLive_Pageclass.dashboardPage.dashboardGridElements(dashboardPage.java:14)
	at OrangehrmLive_Pageclass.dashboardPage.dashboardElementsSize(dashboardPage.java:20)
	at Cucumber_StepDefinitions.CookiesSteps.user_should_be_able_to_see_the_dash_board_page(CookiesSteps.java:45)
	at ✽.User should be able to see the DashBoard page 6(file:///C:/Users/mabdelaziz/eclipse-workspace/cucumbertest/src/test/resources/Cucumber_Features/Cookies.feature:22)
</pre></div><a href='#' onClick='toggleBox("stack-trace761392383", this, "Click to show all stack frames", "Click to hide stack frames")'>Click to show all stack frames</a>
<div class='stack-trace' id='stack-trace761392383'><pre>org.openqa.selenium.TimeoutException: Expected condition failed: waiting for presence of any elements located by By.xpath: (//div[@class=&apos;oxd-grid-item oxd-grid-item--gutters orangehrm-dashboard-widget&apos;]) (tried for 20 second(s) with 500 milliseconds interval)
Build info: version: &apos;3.141.59&apos;, revision: &apos;e82be7d358&apos;, time: &apos;2018-11-14T08:17:03&apos;
System info: host: &apos;LPCAIQ1132&apos;, ip: &apos;192.168.0.72&apos;, os.name: &apos;Windows 10&apos;, os.arch: &apos;amd64&apos;, os.version: &apos;10.0&apos;, java.version: &apos;14.0.2&apos;
Driver info: org.openqa.selenium.chrome.ChromeDriver
Capabilities {acceptInsecureCerts: false, browserName: chrome, browserVersion: 108.0.5359.125, chrome: {chromedriverVersion: 108.0.5359.71 (1e0e3868ee06..., userDataDir: C:\Users\MABDEL~1\AppData\L...}, goog:chromeOptions: {debuggerAddress: localhost:58143}, javascriptEnabled: true, networkConnectionEnabled: false, pageLoadStrategy: normal, platform: WINDOWS, platformName: WINDOWS, proxy: Proxy(), setWindowRect: true, strictFileInteractability: false, timeouts: {implicit: 0, pageLoad: 300000, script: 30000}, unhandledPromptBehavior: dismiss and notify, webauthn:extension:credBlob: true, webauthn:extension:largeBlob: true, webauthn:virtualAuthenticators: true}
Session ID: 3a382725e24b9a385c902776d8c80b04
	at org.openqa.selenium.support.ui.WebDriverWait.timeoutException(WebDriverWait.java:95)
	at org.openqa.selenium.support.ui.FluentWait.until(FluentWait.java:272)
	at OrangehrmLive_Pageclass.dashboardPage.dashboardGridElements(dashboardPage.java:14)
	at OrangehrmLive_Pageclass.dashboardPage.dashboardElementsSize(dashboardPage.java:20)
	at Cucumber_StepDefinitions.CookiesSteps.user_should_be_able_to_see_the_dash_board_page(CookiesSteps.java:45)
	at ✽.User should be able to see the DashBoard page 6(file:///C:/Users/mabdelaziz/eclipse-workspace/cucumbertest/src/test/resources/Cucumber_Features/Cookies.feature:22)
</pre></div></td>
<td>27</td>
<td>Cucumber_TestRunner.parallelRun@4a003cbe</td></tr>
</table><p>
<table width='100%' border='1' class='invocation-passed'>
<tr><td colspan='4' align='center'><b>PASSED TESTS</b></td></tr>
<tr><td><b>Test method</b></td>
<td><b>Attribute(s)</b></td>
<td width="30%"><b>Exception</b></td>
<td width="10%"><b>Time (seconds)</b></td>
<td><b>Instance</b></td>
</tr>
<tr>
<td title='Cucumber_TestRunner.parallelRun.runScenario()'><b>runScenario</b><br>Test class: Cucumber_TestRunner.parallelRun<br>Test method: Runs Cucumber Scenarios<br>Parameters: "Checking login with invalid credentials", "Testing the Login functionality"<br/>
<a href="#Output-1292468744" onClick='toggleBox("Output-1292468744", this, "Show output", "Hide output");'>Show output</a>

<a href="#Output-1292468744" onClick="toggleAllBoxes();">Show all outputs</a>
<div class='log' id="Output-1292468744">
The ‘Username’ used for this test run is:>> [admin123]<br/>
The ‘Password’ used for this test run is:>> [Admin]<br/>
The invalid credentials error message was displayed and has been asserted || Test case passed<br/>
</div>
</td>
<td></td>
<td>11</td>
<td>Cucumber_TestRunner.parallelRun@4a003cbe</td></tr>
<tr>
<td title='Cucumber_TestRunner.parallelRun.runScenario()'><b>runScenario</b><br>Test class: Cucumber_TestRunner.parallelRun<br>Test method: Runs Cucumber Scenarios<br>Parameters: "Checking login with valid credentials", "Testing the Login functionality"<br/>
<a href="#Output-1418189345" onClick='toggleBox("Output-1418189345", this, "Show output", "Hide output");'>Show output</a>

<a href="#Output-1418189345" onClick="toggleAllBoxes();">Show all outputs</a>
<div class='log' id="Output-1418189345">
The ‘Username’ used for this test run is:>> [Admin]<br/>
The ‘Password’ used for this test run is:>> [admin123]<br/>
</div>
</td>
<td></td>
<td>14</td>
<td>Cucumber_TestRunner.parallelRun@4a003cbe</td></tr>
<tr>
<td title='Cucumber_TestRunner.parallelRun.runScenario()'><b>runScenario</b><br>Test class: Cucumber_TestRunner.parallelRun<br>Test method: Runs Cucumber Scenarios<br>Parameters: "Checking login and storing Cookies", "Testing the Login functionality using cookies"<br/>
<a href="#Output-534498572" onClick='toggleBox("Output-534498572", this, "Show output", "Hide output");'>Show output</a>

<a href="#Output-534498572" onClick="toggleAllBoxes();">Show all outputs</a>
<div class='log' id="Output-534498572">
The ‘Username’ used for this test run is:>> [Admin]<br/>
The ‘Password’ used for this test run is:>> [admin123]<br/>
</div>
</td>
<td></td>
<td>14</td>
<td>Cucumber_TestRunner.parallelRun@4a003cbe</td></tr>
<tr>
<td title='Cucumber_TestRunner.parallelRun.runScenario()'><b>runScenario</b><br>Test class: Cucumber_TestRunner.parallelRun<br>Test method: Runs Cucumber Scenarios<br>Parameters: "Checking login with invalid credentials", "Testing the Login functionality"<br/>
<a href="#Output-1267753001" onClick='toggleBox("Output-1267753001", this, "Show output", "Hide output");'>Show output</a>

<a href="#Output-1267753001" onClick="toggleAllBoxes();">Show all outputs</a>
<div class='log' id="Output-1267753001">
The ‘Username’ used for this test run is:>> []<br/>
The ‘Password’ used for this test run is:>> []<br/>
All fields error message were displayed and has been asserted || Test case passed<br/>
</div>
</td>
<td></td>
<td>11</td>
<td>Cucumber_TestRunner.parallelRun@4a003cbe</td></tr>
<tr>
<td title='Cucumber_TestRunner.parallelRun.runScenario()'><b>runScenario</b><br>Test class: Cucumber_TestRunner.parallelRun<br>Test method: Runs Cucumber Scenarios<br>Parameters: "Login using Background Steps", "Testing the Login using Background Steps"<br/>
<a href="#Output-358828062" onClick='toggleBox("Output-358828062", this, "Show output", "Hide output");'>Show output</a>

<a href="#Output-358828062" onClick="toggleAllBoxes();">Show all outputs</a>
<div class='log' id="Output-358828062">
The ‘Username’ used for this test run is:>> [Admin]<br/>
The ‘Password’ used for this test run is:>> [admin123]<br/>
</div>
</td>
<td></td>
<td>14</td>
<td>Cucumber_TestRunner.parallelRun@4a003cbe</td></tr>
</table><p>
</body>
</html>