<?xml version="1.0" encoding="UTF-8"?>
<!-- Generated by org.testng.reporters.JUnitReportReporter -->
<testsuite hostname="LPCAIQ1132" failures="0" tests="6" name="Cucumber_TestRunner.parallelRun" time="135.312" errors="1" timestamp="2023-01-03T12:02:00 EET" skipped="0">
  <testcase classname="Cucumber_TestRunner.parallelRun" name="runScenario" time="18.786"/>
  <system-out>
    <![CDATA[The ‘Username’ used for this test run is:>> [admin123]
The ‘Password’ used for this test run is:>> [Admin]
The invalid credentials error message was displayed and has been asserted || Test case passed]]>
  </system-out>
  <testcase classname="Cucumber_TestRunner.parallelRun" name="runScenario" time="20.672"/>
  <system-out>
    <![CDATA[The ‘Username’ used for this test run is:>> [Admin]
The ‘Password’ used for this test run is:>> [admin123]]]>
  </system-out>
  <testcase classname="Cucumber_TestRunner.parallelRun" name="runScenario" time="21.117"/>
  <system-out>
    <![CDATA[The ‘Username’ used for this test run is:>> [Admin]
The ‘Password’ used for this test run is:>> [admin123]]]>
  </system-out>
  <testcase classname="Cucumber_TestRunner.parallelRun" name="runScenario" time="18.280"/>
  <system-out>
    <![CDATA[The ‘Username’ used for this test run is:>> []
The ‘Password’ used for this test run is:>> []
All fields error message were displayed and has been asserted || Test case passed]]>
  </system-out>
  <testcase classname="Cucumber_TestRunner.parallelRun" name="runScenario" time="22.625"/>
  <system-out>
    <![CDATA[The ‘Username’ used for this test run is:>> [Admin]
The ‘Password’ used for this test run is:>> [admin123]]]>
  </system-out>
  <testcase classname="Cucumber_TestRunner.parallelRun" name="runScenario" time="33.832">
    <error message="Expected condition failed: waiting for presence of any elements located by By.xpath: (//div[@class=&#039;oxd-grid-item oxd-grid-item--gutters orangehrm-dashboard-widget&#039;]) (tried for 20 second(s) with 500 milliseconds interval)
Build info: version: &#039;3.141.59&#039;, revision: &#039;e82be7d358&#039;, time: &#039;2018-11-14T08:17:03&#039;
System info: host: &#039;LPCAIQ1132&#039;, ip: &#039;192.168.0.72&#039;, os.name: &#039;Windows 10&#039;, os.arch: &#039;amd64&#039;, os.version: &#039;10.0&#039;, java.version: &#039;14.0.2&#039;
Driver info: org.openqa.selenium.chrome.ChromeDriver
Capabilities {acceptInsecureCerts: false, browserName: chrome, browserVersion: 108.0.5359.125, chrome: {chromedriverVersion: 108.0.5359.71 (1e0e3868ee06..., userDataDir: C:\Users\MABDEL~1\AppData\L...}, goog:chromeOptions: {debuggerAddress: localhost:58143}, javascriptEnabled: true, networkConnectionEnabled: false, pageLoadStrategy: normal, platform: WINDOWS, platformName: WINDOWS, proxy: Proxy(), setWindowRect: true, strictFileInteractability: false, timeouts: {implicit: 0, pageLoad: 300000, script: 30000}, unhandledPromptBehavior: dismiss and notify, webauthn:extension:credBlob: true, webauthn:extension:largeBlob: true, webauthn:virtualAuthenticators: true}
Session ID: 3a382725e24b9a385c902776d8c80b04" type="org.openqa.selenium.TimeoutException">
      <![CDATA[org.openqa.selenium.TimeoutException: Expected condition failed: waiting for presence of any elements located by By.xpath: (//div[@class='oxd-grid-item oxd-grid-item--gutters orangehrm-dashboard-widget']) (tried for 20 second(s) with 500 milliseconds interval)
Build info: version: '3.141.59', revision: 'e82be7d358', time: '2018-11-14T08:17:03'
System info: host: 'LPCAIQ1132', ip: '192.168.0.72', os.name: 'Windows 10', os.arch: 'amd64', os.version: '10.0', java.version: '14.0.2'
Driver info: org.openqa.selenium.chrome.ChromeDriver
Capabilities {acceptInsecureCerts: false, browserName: chrome, browserVersion: 108.0.5359.125, chrome: {chromedriverVersion: 108.0.5359.71 (1e0e3868ee06..., userDataDir: C:\Users\MABDEL~1\AppData\L...}, goog:chromeOptions: {debuggerAddress: localhost:58143}, javascriptEnabled: true, networkConnectionEnabled: false, pageLoadStrategy: normal, platform: WINDOWS, platformName: WINDOWS, proxy: Proxy(), setWindowRect: true, strictFileInteractability: false, timeouts: {implicit: 0, pageLoad: 300000, script: 30000}, unhandledPromptBehavior: dismiss and notify, webauthn:extension:credBlob: true, webauthn:extension:largeBlob: true, webauthn:virtualAuthenticators: true}
Session ID: 3a382725e24b9a385c902776d8c80b04
at org.openqa.selenium.support.ui.WebDriverWait.timeoutException(WebDriverWait.java:95)
at org.openqa.selenium.support.ui.FluentWait.until(FluentWait.java:272)
at OrangehrmLive_Pageclass.dashboardPage.dashboardGridElements(dashboardPage.java:14)
at OrangehrmLive_Pageclass.dashboardPage.dashboardElementsSize(dashboardPage.java:20)
at Cucumber_StepDefinitions.CookiesSteps.user_should_be_able_to_see_the_dash_board_page(CookiesSteps.java:45)
at ✽.User should be able to see the DashBoard page 6(file:///C:/Users/mabdelaziz/eclipse-workspace/cucumbertest/src/test/resources/Cucumber_Features/Cookies.feature:22)
]]>
    </error>
  </testcase> <!-- runScenario -->
  <system-out/>
</testsuite> <!-- Cucumber_TestRunner.parallelRun -->
